<?xml version="1.0" encoding="UTF-8"?>
<!-- Generated by org.testng.reporters.JUnitReportReporter -->
<testsuite hostname="Tushar" failures="0" tests="1" name="com.qa.pageLayer.AmazonePage" time="54.914" errors="0" timestamp="2023-04-04T11:12:09 IST" skipped="0">
  <testcase classname="com.qa.pageLayer.AmazonePage" name="setUp" time="54.914"/>
  <system-out/>
</testsuite> <!-- com.qa.pageLayer.AmazonePage -->
