<?xml version="1.0" encoding="UTF-8"?>
<!-- Generated by org.testng.reporters.JUnitReportReporter -->
<testsuite hostname="Tushar" failures="0" tests="1" name="com.qa.testLayer.dummy" time="13.958" errors="0" timestamp="2023-04-09T12:53:07 IST" skipped="0">
  <testcase classname="com.qa.testLayer.dummy" name="signInTest" time="13.958"/>
  <system-out/>
</testsuite> <!-- com.qa.testLayer.dummy -->
