<?xml version="1.0" encoding="UTF-8"?>
<!-- Generated by org.testng.reporters.JUnitReportReporter -->
<testsuite hostname="Tushar" failures="0" tests="1" name="com.qa.pageLayer.SignInPageEnterPassword" time="141.014" errors="0" timestamp="2023-04-04T15:06:38 IST" skipped="0">
  <testcase classname="com.qa.pageLayer.SignInPageEnterPassword" name="setUp" time="141.014"/>
  <system-out/>
</testsuite> <!-- com.qa.pageLayer.SignInPageEnterPassword -->
