<?xml version="1.0" encoding="UTF-8"?>
<!-- Generated by org.testng.reporters.JUnitReportReporter -->
<testsuite hostname="Tushar" failures="0" tests="1" name="com.qa.testBase.TestBase" time="268.764" errors="0" timestamp="2023-04-10T15:53:19 IST" skipped="0">
  <testcase classname="com.qa.testBase.TestBase" name="setUp" time="268.764"/>
  <system-out/>
</testsuite> <!-- com.qa.testBase.TestBase -->
