<?xml version="1.0" encoding="UTF-8"?>
<!-- Generated by org.testng.reporters.JUnitReportReporter -->
<testsuite hostname="Tushar" failures="0" tests="1" name="com.qa.pageLayer.AmazonHomePage" time="40.520" errors="0" timestamp="2023-04-04T18:53:04 IST" skipped="0">
  <testcase classname="com.qa.pageLayer.AmazonHomePage" name="setUp" time="40.520"/>
  <system-out/>
</testsuite> <!-- com.qa.pageLayer.AmazonHomePage -->
