<?xml version="1.0" encoding="UTF-8"?>
<!-- Generated by org.testng.reporters.JUnitReportReporter -->
<testsuite hostname="Tushar" failures="0" tests="1" name="com.qa.pageLayer.AmazonPage" time="80.095" errors="0" timestamp="2023-04-04T14:16:33 IST" skipped="0">
  <testcase classname="com.qa.pageLayer.AmazonPage" name="setUp" time="80.095"/>
  <system-out/>
</testsuite> <!-- com.qa.pageLayer.AmazonPage -->
